<?xml version="1.0" encoding="UTF-8"?>
<testsuite xmlns:xsi="http://www.w3.org/2001/XMLSchema-instance" xsi:noNamespaceSchemaLocation="https://maven.apache.org/surefire/maven-surefire-plugin/xsd/surefire-test-report-3.0.xsd" version="3.0" name="com.sale.model.tests.ProductSale" time="0.054" tests="3" errors="0" skipped="0" failures="0">
  <properties>
[...]
</properties>
  <testcase name="testVerificacaoAoDeletarProduto" classname="com.sale.model.tests.ProductSale" time="0.013"/>
  <testcase name="testCriacaoDeProduto" classname="com.sale.model.tests.ProductSale" time="0.018"/>
  <testcase name="testVerificaRetornoAoRequisitarTodosProdutos" classname="com.sale.model.tests.ProductSale" time="0.002"/>
</testsuite>